<?xml version="1.0" encoding="UTF-8"?>
<!-- Generated by org.testng.reporters.JUnitReportReporter -->
<testsuite hostname="DESKTOP-75RQCON" failures="0" tests="15" name="testjava.DashboardPageTest" time="393.251" errors="0" timestamp="2022-07-04T18:16:49 IST" skipped="0">
  <testcase classname="testjava.DashboardPageTest" name="verifyDashBoardTest" time="68.678"/>
  <system-out>
    <![CDATA[First product selected from ThirdParty Figure]]>
  </system-out>
  <testcase classname="testjava.DashboardPageTest" name="verifyJapanese" time="55.984"/>
  <system-out>
    <![CDATA[Second product selected from Japanese]]>
  </system-out>
  <testcase classname="testjava.DashboardPageTest" name="verifyHasBroProduct" time="44.780"/>
  <system-out>
    <![CDATA[Third product selected from HasBro]]>
  </system-out>
  <testcase classname="testjava.DashboardPageTest" name="verifyExclusivesProduct" time="42.926"/>
  <system-out>
    <![CDATA[Fifth product selected from Exclusive]]>
  </system-out>
  <testcase classname="testjava.DashboardPageTest" name="verifySaleProduct" time="40.752"/>
  <system-out>
    <![CDATA[Sixth product selected from Sale]]>
  </system-out>
  <testcase classname="testjava.DashboardPageTest" name="verifyCheckOut" time="4.474"/>
  <system-out>
    <![CDATA[Added all items into Cart]]>
  </system-out>
  <testcase classname="testjava.DashboardPageTest" name="verifychooseShippingOption" time="12.186"/>
  <system-out>
    <![CDATA[Choose Shiping option-All items to my stack]]>
  </system-out>
  <testcase classname="testjava.DashboardPageTest" name="verifyPaymentOption" time="6.604"/>
  <system-out/>
  <testcase classname="testjava.DashboardPageTest" name="verifyOrder" time="4.242"/>
  <system-out/>
  <testcase classname="testjava.DashboardPageTest" name="verifyingShipngAddress" time="28.273"/>
  <system-out/>
  <testcase classname="testjava.DashboardPageTest" name="verifyProductSelection" time="11.480"/>
  <system-out/>
  <testcase classname="testjava.DashboardPageTest" name="verifyingPlaceOder" time="17.537"/>
  <system-out/>
  <testcase classname="testjava.DashboardPageTest" name="verifyOrderDetails" time="2.705"/>
  <system-out/>
  <testcase classname="testjava.DashboardPageTest" name="verifyproductSelection" time="48.316"/>
  <system-out/>
  <testcase classname="testjava.DashboardPageTest" name="logout" time="4.314"/>
  <system-out>
    <![CDATA[Logout Successfully]]>
  </system-out>
</testsuite> <!-- testjava.DashboardPageTest -->
